\BOOKMARK [0][-]{MUTESCHAPTER.1.0}{\376\377\000S\000u\000m\000\341\000r\000i\000o}{}% 1
\BOOKMARK [0][-]{CHAPTER.1}{\376\377\0001\000\040\000I\000n\000t\000r\000o\000d\000u\000\347\000\343\000o}{}% 2
\BOOKMARK [1][-]{section.1.1}{\376\377\0001\000.\0001\000\040\000V\000i\000s\000\343\000o\000\040\000g\000e\000r\000a\000l\000\040\000d\000a\000\040\000l\000i\000n\000g\000u\000a\000g\000e\000m}{CHAPTER.1}% 3
\BOOKMARK [1][-]{section.1.2}{\376\377\0001\000.\0002\000\040\000D\000e\000s\000c\000r\000i\000\347\000\343\000o\000\040\000d\000o\000\040\000p\000r\000o\000b\000l\000e\000m\000a}{CHAPTER.1}% 4
\BOOKMARK [0][-]{CHAPTER.2}{\376\377\0002\000\040\000D\000e\000s\000e\000n\000v\000o\000l\000v\000i\000m\000e\000n\000t\000o}{}% 5
\BOOKMARK [1][-]{section.2.1}{\376\377\0002\000.\0001\000\040\000D\000e\000p\000e\000n\000d\000\352\000n\000c\000i\000a\000s}{CHAPTER.2}% 6
\BOOKMARK [2][-]{subsection.2.1.1}{\376\377\0002\000.\0001\000.\0001\000\040\000I\000n\000s\000t\000a\000l\000a\000n\000d\000o\000\040\000a\000\040\000a\000p\000l\000i\000c\000a\000\347\000\343\000o}{section.2.1}% 7
\BOOKMARK [2][-]{subsection.2.1.2}{\376\377\0002\000.\0001\000.\0002\000\040\000R\000e\000a\000c\000t}{section.2.1}% 8
\BOOKMARK [2][-]{subsection.2.1.3}{\376\377\0002\000.\0001\000.\0003\000\040\000R\000e\000d\000u\000x}{section.2.1}% 9
\BOOKMARK [1][-]{section.2.2}{\376\377\0002\000.\0002\000\040\000T\000y\000p\000e\000S\000c\000r\000i\000p\000t\000\040\000v\000s\000.\000\040\000J\000a\000v\000a\000S\000c\000r\000i\000p\000t}{CHAPTER.2}% 10
\BOOKMARK [1][-]{section.2.3}{\376\377\0002\000.\0003\000\040\000E\000s\000t\000r\000u\000t\000u\000r\000a\000\040\000d\000o\000\040\000p\000r\000o\000j\000e\000t\000o}{CHAPTER.2}% 11
\BOOKMARK [1][-]{section.2.4}{\376\377\0002\000.\0004\000\040\000P\000a\000r\000a\000d\000i\000g\000m\000a\000\040\000f\000u\000n\000c\000i\000o\000n\000a\000l}{CHAPTER.2}% 12
\BOOKMARK [2][-]{subsection.2.4.1}{\376\377\0002\000.\0004\000.\0001\000\040\000C\000o\000n\000c\000e\000i\000t\000o\000s\000\040\000e\000x\000p\000l\000o\000r\000a\000d\000o\000s\000\040\000n\000a\000s\000\040\000f\000u\000n\000\347\000\365\000e\000s}{section.2.4}% 13
\BOOKMARK [3][-]{subsubsection.2.4.1.1}{\376\377\0002\000.\0004\000.\0001\000.\0001\000\040\000u\000t\000i\000l\000s\000/\000a\000r\000r\000a\000y}{subsection.2.4.1}% 14
\BOOKMARK [3][-]{subsubsection.2.4.1.2}{\376\377\0002\000.\0004\000.\0001\000.\0002\000\040\000u\000t\000i\000l\000s\000/\000o\000b\000j\000e\000c\000t}{subsection.2.4.1}% 15
\BOOKMARK [3][-]{subsubsection.2.4.1.3}{\376\377\0002\000.\0004\000.\0001\000.\0003\000\040\000c\000o\000r\000e\000/\000t\000r\000a\000n\000s\000d\000u\000c\000e\000r\000s\000/\000m\000a\000p}{subsection.2.4.1}% 16
\BOOKMARK [3][-]{subsubsection.2.4.1.4}{\376\377\0002\000.\0004\000.\0001\000.\0004\000\040\000c\000o\000r\000e\000/\000t\000r\000a\000n\000s\000i\000c\000t\000i\000o\000n\000s\000/\000g\000a\000m\000e\000T\000r\000a\000n\000s\000i\000c\000t\000i\000o\000n\000s}{subsection.2.4.1}% 17
\BOOKMARK [2][-]{subsection.2.4.2}{\376\377\0002\000.\0004\000.\0002\000\040\000C\000u\000r\000r\000y\000i\000n\000g}{section.2.4}% 18
\BOOKMARK [2][-]{subsection.2.4.3}{\376\377\0002\000.\0004\000.\0003\000\040\000P\000a\000t\000t\000e\000r\000n\000\040\000m\000a\000t\000c\000h\000i\000n\000g}{section.2.4}% 19
\BOOKMARK [1][-]{section.2.5}{\376\377\0002\000.\0005\000\040\000P\000a\000r\000a\000d\000i\000g\000m\000a\000\040\000d\000e\000\040\000o\000r\000i\000e\000n\000t\000a\000\347\000\343\000o\000\040\000a\000\040\000o\000b\000j\000e\000t\000o\000s}{CHAPTER.2}% 20
\BOOKMARK [2][-]{subsection.2.5.1}{\376\377\0002\000.\0005\000.\0001\000\040\000M\000o\000b\000X}{section.2.5}% 21
\BOOKMARK [2][-]{subsection.2.5.2}{\376\377\0002\000.\0005\000.\0002\000\040\000N\000o\000v\000a\000\040\000e\000s\000t\000r\000u\000t\000u\000r\000a\000\040\000d\000o\000\040\000p\000r\000o\000j\000e\000t\000o}{section.2.5}% 22
\BOOKMARK [2][-]{subsection.2.5.3}{\376\377\0002\000.\0005\000.\0003\000\040\000S\000t\000o\000r\000e\000s}{section.2.5}% 23
\BOOKMARK [2][-]{subsection.2.5.4}{\376\377\0002\000.\0005\000.\0004\000\040\000@\000a\000c\000t\000i\000o\000n\000\040\000e\000\040\000@\000c\000o\000m\000p\000u\000t\000e\000d}{section.2.5}% 24
\BOOKMARK [0][-]{CHAPTER.3}{\376\377\0003\000\040\000R\000e\000s\000u\000l\000t\000a\000d\000o\000s}{}% 25
\BOOKMARK [0][-]{CHAPTER.4}{\376\377\0004\000\040\000C\000o\000n\000c\000l\000u\000s\000\343\000o}{}% 26
\BOOKMARK [0][-]{schapter.2}{\376\377\000R\000e\000f\000e\000r\000\352\000n\000c\000i\000a\000s}{}% 27
